<?xml version="1.0" encoding="UTF-8"?>
<!-- Generated by org.testng.reporters.JUnitXMLReporter -->
<testsuite ignored="0" hostname="Priyankas-MacBook-Pro.local" failures="1" tests="3" name="SubmitOrder" time="35.343" errors="0" timestamp="2024-10-19T16:09:37 IST">
  <testcase classname="Authentication.SubmitOrderTest" name="test_CompletePurchaseFlow" time="13.681"/>
  <testcase classname="Authentication.SubmitOrderTest" name="test_CompletePurchaseFlow" time="13.41"/>
  <testcase classname="Authentication.SubmitOrderTest" name="OrderHistoryTest" time="0.002">
    <failure type="org.testng.internal.reflect.MethodMatcherException" message="
[public void Authentication.SubmitOrderTest.OrderHistoryTest(java.lang.String,java.lang.String,java.lang.String)] has no parameters defined but was found to be using a data provider (either explicitly specified or inherited from class level annotation).
Data provider mismatch
Method: OrderHistoryTest([Parameter{index=0, type=java.lang.String, declaredAnnotations=[]}, Parameter{index=1, type=java.lang.String, declaredAnnotations=[]}, Parameter{index=2, type=java.lang.String, declaredAnnotations=[]}])
Arguments: [(java.util.HashMap) {pass=ABCabc@123, email=sonali@mailinator.com, productName=ZARA COAT 3}]">
      <![CDATA[org.testng.internal.reflect.MethodMatcherException: 
[public void Authentication.SubmitOrderTest.OrderHistoryTest(java.lang.String,java.lang.String,java.lang.String)] has no parameters defined but was found to be using a data provider (either explicitly specified or inherited from class level annotation).
Data provider mismatch
Method: OrderHistoryTest([Parameter{index=0, type=java.lang.String, declaredAnnotations=[]}, Parameter{index=1, type=java.lang.String, declaredAnnotations=[]}, Parameter{index=2, type=java.lang.String, declaredAnnotations=[]}])
Arguments: [(java.util.HashMap) {pass=ABCabc@123, email=sonali@mailinator.com, productName=ZARA COAT 3}]
at java.base/java.util.ArrayList.forEach(ArrayList.java:1511)
at java.base/java.util.concurrent.FutureTask.run(FutureTask.java:264)
at java.base/java.util.concurrent.ThreadPoolExecutor.runWorker(ThreadPoolExecutor.java:1136)
at java.base/java.util.concurrent.ThreadPoolExecutor$Worker.run(ThreadPoolExecutor.java:635)
at java.base/java.lang.Thread.run(Thread.java:842)
... Removed 13 stack frames]]>
    </failure>
  </testcase> <!-- OrderHistoryTest -->
</testsuite> <!-- SubmitOrder -->
